<?xml version="1.0" encoding="utf-8"?>
<test-run id="2" name="Open-Lab-04.04.dll" fullname="C:/Users/onkom/Source/Repos/Open-Lab-04.04/Open-Lab-04.04/bin/Debug/netcoreapp3.0/Open-Lab-04.04.dll" testcasecount="100" result="Passed" start-time="2021-11-05 08:03:54Z" end-time="2021-11-05 08:03:54Z" duration="0.144861" total="100" passed="100" failed="0" inconclusive="0" skipped="0" asserts="100" random-seed="1043778233">
  <command-line><![CDATA[C:\Users\onkom\Source\Repos\Open-Lab-04.04\Open-Lab-04.04\bin\Debug\netcoreapp3.0\Open-Lab-04.04.dll]]></command-line>
  <filter />
  <test-suite type="Assembly" id="1102" name="Open-Lab-04.04.dll" fullname="C:/Users/onkom/Source/Repos/Open-Lab-04.04/Open-Lab-04.04/bin/Debug/netcoreapp3.0/Open-Lab-04.04.dll" runstate="Runnable" testcasecount="100" result="Passed" start-time="2021-11-05 08:03:54Z" end-time="2021-11-05 08:03:54Z" duration="0.144861" total="100" passed="100" failed="0" warnings="0" inconclusive="0" skipped="0" asserts="100">
    <environment framework-version="3.12.0.0" clr-version="3.1.19" os-version="Microsoft Windows 10.0.19042" platform="Win32NT" cwd="C:\Users\onkom\Source\Repos\Open-Lab-04.04\Open-Lab-04.04\bin\Debug\netcoreapp3.0" machine-name="DESKTOP-7OQAPDJ" user="onkom" user-domain="DESKTOP-7OQAPDJ" culture="en-US" uiculture="en-US" os-architecture="x64" />
    <settings>
      <setting name="WorkDirectory" value="C:\Users\onkom\Source\Repos\Open-Lab-04.04\Open-Lab-04.04\bin\Debug\netcoreapp3.0" />
      <setting name="NumberOfTestWorkers" value="4" />
    </settings>
    <properties>
      <property name="_PID" value="22772" />
      <property name="_APPDOMAIN" value="Open-Lab-04.04" />
    </properties>
    <test-suite type="TestSuite" id="1103" name="Open_Lab_04" fullname="Open_Lab_04" runstate="Runnable" testcasecount="100" result="Passed" start-time="2021-11-05 08:03:54Z" end-time="2021-11-05 08:03:54Z" duration="0.114676" total="100" passed="100" failed="0" warnings="0" inconclusive="0" skipped="0" asserts="100">
      <test-suite type="TestSuite" id="1104" name="_04" fullname="Open_Lab_04._04" runstate="Runnable" testcasecount="100" result="Passed" start-time="2021-11-05 08:03:54Z" end-time="2021-11-05 08:03:54Z" duration="0.111089" total="100" passed="100" failed="0" warnings="0" inconclusive="0" skipped="0" asserts="100">
        <test-suite type="TestFixture" id="1000" name="Tests" fullname="Open_Lab_04._04.Tests" classname="Open_Lab_04._04.Tests" runstate="Runnable" testcasecount="100" result="Passed" start-time="2021-11-05 08:03:54Z" end-time="2021-11-05 08:03:54Z" duration="0.097543" total="100" passed="100" failed="0" warnings="0" inconclusive="0" skipped="0" asserts="100">
          <test-suite type="ParameterizedMethod" id="1101" name="FormatPhoneNumberTest" fullname="Open_Lab_04._04.Tests.FormatPhoneNumberTest" classname="Open_Lab_04._04.Tests" runstate="Runnable" testcasecount="100" result="Passed" start-time="2021-11-05 08:03:54Z" end-time="2021-11-05 08:03:54Z" duration="0.070244" total="100" passed="100" failed="0" warnings="0" inconclusive="0" skipped="0" asserts="100">
            <test-case id="1001" name="FormatPhoneNumberTest([1, 2, 3, 4, 5, ...],&quot;(123) 456-7890&quot;)" fullname="Open_Lab_04._04.Tests.FormatPhoneNumberTest([1, 2, 3, 4, 5, ...],&quot;(123) 456-7890&quot;)" methodname="FormatPhoneNumberTest" classname="Open_Lab_04._04.Tests" runstate="Runnable" seed="1793160454" result="Passed" start-time="2021-11-05 08:03:54Z" end-time="2021-11-05 08:03:54Z" duration="0.040538" asserts="1" />
            <test-case id="1002" name="FormatPhoneNumberTest([5, 1, 9, 5, 5, ...],&quot;(519) 555-4468&quot;)" fullname="Open_Lab_04._04.Tests.FormatPhoneNumberTest([5, 1, 9, 5, 5, ...],&quot;(519) 555-4468&quot;)" methodname="FormatPhoneNumberTest" classname="Open_Lab_04._04.Tests" runstate="Runnable" seed="1392600432" result="Passed" start-time="2021-11-05 08:03:54Z" end-time="2021-11-05 08:03:54Z" duration="0.000200" asserts="1" />
            <test-case id="1003" name="FormatPhoneNumberTest([3, 4, 5, 5, 0, ...],&quot;(345) 501-2527&quot;)" fullname="Open_Lab_04._04.Tests.FormatPhoneNumberTest([3, 4, 5, 5, 0, ...],&quot;(345) 501-2527&quot;)" methodname="FormatPhoneNumberTest" classname="Open_Lab_04._04.Tests" runstate="Runnable" seed="1443405686" result="Passed" start-time="2021-11-05 08:03:54Z" end-time="2021-11-05 08:03:54Z" duration="0.000058" asserts="1" />
            <test-case id="1004" name="FormatPhoneNumberTest([5, 9, 4, 6, 7, ...],&quot;(594) 672-6341&quot;)" fullname="Open_Lab_04._04.Tests.FormatPhoneNumberTest([5, 9, 4, 6, 7, ...],&quot;(594) 672-6341&quot;)" methodname="FormatPhoneNumberTest" classname="Open_Lab_04._04.Tests" runstate="Runnable" seed="1891941342" result="Passed" start-time="2021-11-05 08:03:54Z" end-time="2021-11-05 08:03:54Z" duration="0.000048" asserts="1" />
            <test-case id="1005" name="FormatPhoneNumberTest([3, 3, 3, 5, 1, ...],&quot;(333) 518-0310&quot;)" fullname="Open_Lab_04._04.Tests.FormatPhoneNumberTest([3, 3, 3, 5, 1, ...],&quot;(333) 518-0310&quot;)" methodname="FormatPhoneNumberTest" classname="Open_Lab_04._04.Tests" runstate="Runnable" seed="674394922" result="Passed" start-time="2021-11-05 08:03:54Z" end-time="2021-11-05 08:03:54Z" duration="0.000056" asserts="1" />
            <test-case id="1006" name="FormatPhoneNumberTest([6, 8, 4, 1, 8, ...],&quot;(684) 185-6353&quot;)" fullname="Open_Lab_04._04.Tests.FormatPhoneNumberTest([6, 8, 4, 1, 8, ...],&quot;(684) 185-6353&quot;)" methodname="FormatPhoneNumberTest" classname="Open_Lab_04._04.Tests" runstate="Runnable" seed="1304889669" result="Passed" start-time="2021-11-05 08:03:54Z" end-time="2021-11-05 08:03:54Z" duration="0.000064" asserts="1" />
            <test-case id="1007" name="FormatPhoneNumberTest([7, 3, 2, 5, 7, ...],&quot;(732) 575-4655&quot;)" fullname="Open_Lab_04._04.Tests.FormatPhoneNumberTest([7, 3, 2, 5, 7, ...],&quot;(732) 575-4655&quot;)" methodname="FormatPhoneNumberTest" classname="Open_Lab_04._04.Tests" runstate="Runnable" seed="1962770998" result="Passed" start-time="2021-11-05 08:03:54Z" end-time="2021-11-05 08:03:54Z" duration="0.000188" asserts="1" />
            <test-case id="1008" name="FormatPhoneNumberTest([8, 1, 7, 5, 1, ...],&quot;(817) 513-3349&quot;)" fullname="Open_Lab_04._04.Tests.FormatPhoneNumberTest([8, 1, 7, 5, 1, ...],&quot;(817) 513-3349&quot;)" methodname="FormatPhoneNumberTest" classname="Open_Lab_04._04.Tests" runstate="Runnable" seed="370384923" result="Passed" start-time="2021-11-05 08:03:54Z" end-time="2021-11-05 08:03:54Z" duration="0.000076" asserts="1" />
            <test-case id="1009" name="FormatPhoneNumberTest([9, 2, 8, 9, 7, ...],&quot;(928) 977-5381&quot;)" fullname="Open_Lab_04._04.Tests.FormatPhoneNumberTest([9, 2, 8, 9, 7, ...],&quot;(928) 977-5381&quot;)" methodname="FormatPhoneNumberTest" classname="Open_Lab_04._04.Tests" runstate="Runnable" seed="1288467547" result="Passed" start-time="2021-11-05 08:03:54Z" end-time="2021-11-05 08:03:54Z" duration="0.000140" asserts="1" />
            <test-case id="1010" name="FormatPhoneNumberTest([5, 3, 7, 1, 3, ...],&quot;(537) 139-0876&quot;)" fullname="Open_Lab_04._04.Tests.FormatPhoneNumberTest([5, 3, 7, 1, 3, ...],&quot;(537) 139-0876&quot;)" methodname="FormatPhoneNumberTest" classname="Open_Lab_04._04.Tests" runstate="Runnable" seed="482935360" result="Passed" start-time="2021-11-05 08:03:54Z" end-time="2021-11-05 08:03:54Z" duration="0.000077" asserts="1" />
            <test-case id="1011" name="FormatPhoneNumberTest([3, 4, 8, 5, 1, ...],&quot;(348) 514-0994&quot;)" fullname="Open_Lab_04._04.Tests.FormatPhoneNumberTest([3, 4, 8, 5, 1, ...],&quot;(348) 514-0994&quot;)" methodname="FormatPhoneNumberTest" classname="Open_Lab_04._04.Tests" runstate="Runnable" seed="595050915" result="Passed" start-time="2021-11-05 08:03:54Z" end-time="2021-11-05 08:03:54Z" duration="0.000069" asserts="1" />
            <test-case id="1012" name="FormatPhoneNumberTest([2, 3, 9, 6, 4, ...],&quot;(239) 644-5380&quot;)" fullname="Open_Lab_04._04.Tests.FormatPhoneNumberTest([2, 3, 9, 6, 4, ...],&quot;(239) 644-5380&quot;)" methodname="FormatPhoneNumberTest" classname="Open_Lab_04._04.Tests" runstate="Runnable" seed="679503496" result="Passed" start-time="2021-11-05 08:03:54Z" end-time="2021-11-05 08:03:54Z" duration="0.000170" asserts="1" />
            <test-case id="1013" name="FormatPhoneNumberTest([0, 1, 8, 3, 0, ...],&quot;(018) 305-3612&quot;)" fullname="Open_Lab_04._04.Tests.FormatPhoneNumberTest([0, 1, 8, 3, 0, ...],&quot;(018) 305-3612&quot;)" methodname="FormatPhoneNumberTest" classname="Open_Lab_04._04.Tests" runstate="Runnable" seed="1229076844" result="Passed" start-time="2021-11-05 08:03:54Z" end-time="2021-11-05 08:03:54Z" duration="0.000087" asserts="1" />
            <test-case id="1014" name="FormatPhoneNumberTest([2, 4, 5, 7, 5, ...],&quot;(245) 755-4272&quot;)" fullname="Open_Lab_04._04.Tests.FormatPhoneNumberTest([2, 4, 5, 7, 5, ...],&quot;(245) 755-4272&quot;)" methodname="FormatPhoneNumberTest" classname="Open_Lab_04._04.Tests" runstate="Runnable" seed="773183517" result="Passed" start-time="2021-11-05 08:03:54Z" end-time="2021-11-05 08:03:54Z" duration="0.000067" asserts="1" />
            <test-case id="1015" name="FormatPhoneNumberTest([7, 5, 3, 3, 9, ...],&quot;(753) 391-3168&quot;)" fullname="Open_Lab_04._04.Tests.FormatPhoneNumberTest([7, 5, 3, 3, 9, ...],&quot;(753) 391-3168&quot;)" methodname="FormatPhoneNumberTest" classname="Open_Lab_04._04.Tests" runstate="Runnable" seed="423356542" result="Passed" start-time="2021-11-05 08:03:54Z" end-time="2021-11-05 08:03:54Z" duration="0.000098" asserts="1" />
            <test-case id="1016" name="FormatPhoneNumberTest([4, 7, 0, 7, 5, ...],&quot;(470) 752-5456&quot;)" fullname="Open_Lab_04._04.Tests.FormatPhoneNumberTest([4, 7, 0, 7, 5, ...],&quot;(470) 752-5456&quot;)" methodname="FormatPhoneNumberTest" classname="Open_Lab_04._04.Tests" runstate="Runnable" seed="303516411" result="Passed" start-time="2021-11-05 08:03:54Z" end-time="2021-11-05 08:03:54Z" duration="0.000128" asserts="1" />
            <test-case id="1017" name="FormatPhoneNumberTest([0, 3, 7, 7, 2, ...],&quot;(037) 727-8109&quot;)" fullname="Open_Lab_04._04.Tests.FormatPhoneNumberTest([0, 3, 7, 7, 2, ...],&quot;(037) 727-8109&quot;)" methodname="FormatPhoneNumberTest" classname="Open_Lab_04._04.Tests" runstate="Runnable" seed="541499794" result="Passed" start-time="2021-11-05 08:03:54Z" end-time="2021-11-05 08:03:54Z" duration="0.000080" asserts="1" />
            <test-case id="1018" name="FormatPhoneNumberTest([0, 2, 6, 5, 3, ...],&quot;(026) 534-8438&quot;)" fullname="Open_Lab_04._04.Tests.FormatPhoneNumberTest([0, 2, 6, 5, 3, ...],&quot;(026) 534-8438&quot;)" methodname="FormatPhoneNumberTest" classname="Open_Lab_04._04.Tests" runstate="Runnable" seed="104063738" result="Passed" start-time="2021-11-05 08:03:54Z" end-time="2021-11-05 08:03:54Z" duration="0.000275" asserts="1" />
            <test-case id="1019" name="FormatPhoneNumberTest([1, 2, 9, 2, 7, ...],&quot;(129) 275-4823&quot;)" fullname="Open_Lab_04._04.Tests.FormatPhoneNumberTest([1, 2, 9, 2, 7, ...],&quot;(129) 275-4823&quot;)" methodname="FormatPhoneNumberTest" classname="Open_Lab_04._04.Tests" runstate="Runnable" seed="1890372926" result="Passed" start-time="2021-11-05 08:03:54Z" end-time="2021-11-05 08:03:54Z" duration="0.000075" asserts="1" />
            <test-case id="1020" name="FormatPhoneNumberTest([9, 9, 6, 0, 2, ...],&quot;(996) 023-8511&quot;)" fullname="Open_Lab_04._04.Tests.FormatPhoneNumberTest([9, 9, 6, 0, 2, ...],&quot;(996) 023-8511&quot;)" methodname="FormatPhoneNumberTest" classname="Open_Lab_04._04.Tests" runstate="Runnable" seed="573563424" result="Passed" start-time="2021-11-05 08:03:54Z" end-time="2021-11-05 08:03:54Z" duration="0.000084" asserts="1" />
            <test-case id="1021" name="FormatPhoneNumberTest([3, 2, 1, 7, 8, ...],&quot;(321) 781-1431&quot;)" fullname="Open_Lab_04._04.Tests.FormatPhoneNumberTest([3, 2, 1, 7, 8, ...],&quot;(321) 781-1431&quot;)" methodname="FormatPhoneNumberTest" classname="Open_Lab_04._04.Tests" runstate="Runnable" seed="332871663" result="Passed" start-time="2021-11-05 08:03:54Z" end-time="2021-11-05 08:03:54Z" duration="0.000206" asserts="1" />
            <test-case id="1022" name="FormatPhoneNumberTest([3, 0, 0, 7, 5, ...],&quot;(300) 758-3406&quot;)" fullname="Open_Lab_04._04.Tests.FormatPhoneNumberTest([3, 0, 0, 7, 5, ...],&quot;(300) 758-3406&quot;)" methodname="FormatPhoneNumberTest" classname="Open_Lab_04._04.Tests" runstate="Runnable" seed="799092342" result="Passed" start-time="2021-11-05 08:03:54Z" end-time="2021-11-05 08:03:54Z" duration="0.000052" asserts="1" />
            <test-case id="1023" name="FormatPhoneNumberTest([2, 9, 9, 6, 9, ...],&quot;(299) 690-6539&quot;)" fullname="Open_Lab_04._04.Tests.FormatPhoneNumberTest([2, 9, 9, 6, 9, ...],&quot;(299) 690-6539&quot;)" methodname="FormatPhoneNumberTest" classname="Open_Lab_04._04.Tests" runstate="Runnable" seed="342515137" result="Passed" start-time="2021-11-05 08:03:54Z" end-time="2021-11-05 08:03:54Z" duration="0.000120" asserts="1" />
            <test-case id="1024" name="FormatPhoneNumberTest([6, 2, 3, 1, 4, ...],&quot;(623) 149-0245&quot;)" fullname="Open_Lab_04._04.Tests.FormatPhoneNumberTest([6, 2, 3, 1, 4, ...],&quot;(623) 149-0245&quot;)" methodname="FormatPhoneNumberTest" classname="Open_Lab_04._04.Tests" runstate="Runnable" seed="1703591056" result="Passed" start-time="2021-11-05 08:03:54Z" end-time="2021-11-05 08:03:54Z" duration="0.000072" asserts="1" />
            <test-case id="1025" name="FormatPhoneNumberTest([4, 9, 4, 1, 0, ...],&quot;(494) 108-9953&quot;)" fullname="Open_Lab_04._04.Tests.FormatPhoneNumberTest([4, 9, 4, 1, 0, ...],&quot;(494) 108-9953&quot;)" methodname="FormatPhoneNumberTest" classname="Open_Lab_04._04.Tests" runstate="Runnable" seed="728892775" result="Passed" start-time="2021-11-05 08:03:54Z" end-time="2021-11-05 08:03:54Z" duration="0.000075" asserts="1" />
            <test-case id="1026" name="FormatPhoneNumberTest([0, 3, 5, 4, 9, ...],&quot;(035) 493-3487&quot;)" fullname="Open_Lab_04._04.Tests.FormatPhoneNumberTest([0, 3, 5, 4, 9, ...],&quot;(035) 493-3487&quot;)" methodname="FormatPhoneNumberTest" classname="Open_Lab_04._04.Tests" runstate="Runnable" seed="828563450" result="Passed" start-time="2021-11-05 08:03:54Z" end-time="2021-11-05 08:03:54Z" duration="0.000044" asserts="1" />
            <test-case id="1027" name="FormatPhoneNumberTest([5, 5, 1, 4, 4, ...],&quot;(551) 441-7825&quot;)" fullname="Open_Lab_04._04.Tests.FormatPhoneNumberTest([5, 5, 1, 4, 4, ...],&quot;(551) 441-7825&quot;)" methodname="FormatPhoneNumberTest" classname="Open_Lab_04._04.Tests" runstate="Runnable" seed="1013427962" result="Passed" start-time="2021-11-05 08:03:54Z" end-time="2021-11-05 08:03:54Z" duration="0.000066" asserts="1" />
            <test-case id="1028" name="FormatPhoneNumberTest([7, 1, 0, 4, 2, ...],&quot;(710) 422-4760&quot;)" fullname="Open_Lab_04._04.Tests.FormatPhoneNumberTest([7, 1, 0, 4, 2, ...],&quot;(710) 422-4760&quot;)" methodname="FormatPhoneNumberTest" classname="Open_Lab_04._04.Tests" runstate="Runnable" seed="2112043687" result="Passed" start-time="2021-11-05 08:03:54Z" end-time="2021-11-05 08:03:54Z" duration="0.000515" asserts="1" />
            <test-case id="1029" name="FormatPhoneNumberTest([1, 6, 9, 9, 9, ...],&quot;(169) 993-6920&quot;)" fullname="Open_Lab_04._04.Tests.FormatPhoneNumberTest([1, 6, 9, 9, 9, ...],&quot;(169) 993-6920&quot;)" methodname="FormatPhoneNumberTest" classname="Open_Lab_04._04.Tests" runstate="Runnable" seed="1530039966" result="Passed" start-time="2021-11-05 08:03:54Z" end-time="2021-11-05 08:03:54Z" duration="0.000112" asserts="1" />
            <test-case id="1030" name="FormatPhoneNumberTest([5, 6, 3, 6, 0, ...],&quot;(563) 608-8068&quot;)" fullname="Open_Lab_04._04.Tests.FormatPhoneNumberTest([5, 6, 3, 6, 0, ...],&quot;(563) 608-8068&quot;)" methodname="FormatPhoneNumberTest" classname="Open_Lab_04._04.Tests" runstate="Runnable" seed="55665374" result="Passed" start-time="2021-11-05 08:03:54Z" end-time="2021-11-05 08:03:54Z" duration="0.000107" asserts="1" />
            <test-case id="1031" name="FormatPhoneNumberTest([1, 0, 7, 9, 6, ...],&quot;(107) 969-3126&quot;)" fullname="Open_Lab_04._04.Tests.FormatPhoneNumberTest([1, 0, 7, 9, 6, ...],&quot;(107) 969-3126&quot;)" methodname="FormatPhoneNumberTest" classname="Open_Lab_04._04.Tests" runstate="Runnable" seed="969451436" result="Passed" start-time="2021-11-05 08:03:54Z" end-time="2021-11-05 08:03:54Z" duration="0.000302" asserts="1" />
            <test-case id="1032" name="FormatPhoneNumberTest([9, 5, 7, 7, 5, ...],&quot;(957) 758-5251&quot;)" fullname="Open_Lab_04._04.Tests.FormatPhoneNumberTest([9, 5, 7, 7, 5, ...],&quot;(957) 758-5251&quot;)" methodname="FormatPhoneNumberTest" classname="Open_Lab_04._04.Tests" runstate="Runnable" seed="718009795" result="Passed" start-time="2021-11-05 08:03:54Z" end-time="2021-11-05 08:03:54Z" duration="0.000221" asserts="1" />
            <test-case id="1033" name="FormatPhoneNumberTest([4, 8, 5, 1, 9, ...],&quot;(485) 190-7333&quot;)" fullname="Open_Lab_04._04.Tests.FormatPhoneNumberTest([4, 8, 5, 1, 9, ...],&quot;(485) 190-7333&quot;)" methodname="FormatPhoneNumberTest" classname="Open_Lab_04._04.Tests" runstate="Runnable" seed="1438175096" result="Passed" start-time="2021-11-05 08:03:54Z" end-time="2021-11-05 08:03:54Z" duration="0.000112" asserts="1" />
            <test-case id="1034" name="FormatPhoneNumberTest([4, 4, 1, 8, 9, ...],&quot;(441) 891-9930&quot;)" fullname="Open_Lab_04._04.Tests.FormatPhoneNumberTest([4, 4, 1, 8, 9, ...],&quot;(441) 891-9930&quot;)" methodname="FormatPhoneNumberTest" classname="Open_Lab_04._04.Tests" runstate="Runnable" seed="1744911620" result="Passed" start-time="2021-11-05 08:03:54Z" end-time="2021-11-05 08:03:54Z" duration="0.000078" asserts="1" />
            <test-case id="1035" name="FormatPhoneNumberTest([0, 4, 6, 6, 1, ...],&quot;(046) 610-8602&quot;)" fullname="Open_Lab_04._04.Tests.FormatPhoneNumberTest([0, 4, 6, 6, 1, ...],&quot;(046) 610-8602&quot;)" methodname="FormatPhoneNumberTest" classname="Open_Lab_04._04.Tests" runstate="Runnable" seed="1542417766" result="Passed" start-time="2021-11-05 08:03:54Z" end-time="2021-11-05 08:03:54Z" duration="0.004536" asserts="1" />
            <test-case id="1036" name="FormatPhoneNumberTest([2, 6, 5, 5, 3, ...],&quot;(265) 533-4595&quot;)" fullname="Open_Lab_04._04.Tests.FormatPhoneNumberTest([2, 6, 5, 5, 3, ...],&quot;(265) 533-4595&quot;)" methodname="FormatPhoneNumberTest" classname="Open_Lab_04._04.Tests" runstate="Runnable" seed="1288154955" result="Passed" start-time="2021-11-05 08:03:54Z" end-time="2021-11-05 08:03:54Z" duration="0.000181" asserts="1" />
            <test-case id="1037" name="FormatPhoneNumberTest([1, 9, 7, 8, 1, ...],&quot;(197) 814-4984&quot;)" fullname="Open_Lab_04._04.Tests.FormatPhoneNumberTest([1, 9, 7, 8, 1, ...],&quot;(197) 814-4984&quot;)" methodname="FormatPhoneNumberTest" classname="Open_Lab_04._04.Tests" runstate="Runnable" seed="880628708" result="Passed" start-time="2021-11-05 08:03:54Z" end-time="2021-11-05 08:03:54Z" duration="0.000185" asserts="1" />
            <test-case id="1038" name="FormatPhoneNumberTest([8, 6, 8, 4, 0, ...],&quot;(868) 409-1999&quot;)" fullname="Open_Lab_04._04.Tests.FormatPhoneNumberTest([8, 6, 8, 4, 0, ...],&quot;(868) 409-1999&quot;)" methodname="FormatPhoneNumberTest" classname="Open_Lab_04._04.Tests" runstate="Runnable" seed="1504659347" result="Passed" start-time="2021-11-05 08:03:54Z" end-time="2021-11-05 08:03:54Z" duration="0.000090" asserts="1" />
            <test-case id="1039" name="FormatPhoneNumberTest([1, 1, 2, 1, 0, ...],&quot;(112) 108-9545&quot;)" fullname="Open_Lab_04._04.Tests.FormatPhoneNumberTest([1, 1, 2, 1, 0, ...],&quot;(112) 108-9545&quot;)" methodname="FormatPhoneNumberTest" classname="Open_Lab_04._04.Tests" runstate="Runnable" seed="1036335611" result="Passed" start-time="2021-11-05 08:03:54Z" end-time="2021-11-05 08:03:54Z" duration="0.000071" asserts="1" />
            <test-case id="1040" name="FormatPhoneNumberTest([6, 3, 0, 7, 8, ...],&quot;(630) 780-6847&quot;)" fullname="Open_Lab_04._04.Tests.FormatPhoneNumberTest([6, 3, 0, 7, 8, ...],&quot;(630) 780-6847&quot;)" methodname="FormatPhoneNumberTest" classname="Open_Lab_04._04.Tests" runstate="Runnable" seed="156369615" result="Passed" start-time="2021-11-05 08:03:54Z" end-time="2021-11-05 08:03:54Z" duration="0.000107" asserts="1" />
            <test-case id="1041" name="FormatPhoneNumberTest([6, 9, 7, 6, 3, ...],&quot;(697) 636-7044&quot;)" fullname="Open_Lab_04._04.Tests.FormatPhoneNumberTest([6, 9, 7, 6, 3, ...],&quot;(697) 636-7044&quot;)" methodname="FormatPhoneNumberTest" classname="Open_Lab_04._04.Tests" runstate="Runnable" seed="1269272471" result="Passed" start-time="2021-11-05 08:03:54Z" end-time="2021-11-05 08:03:54Z" duration="0.000073" asserts="1" />
            <test-case id="1042" name="FormatPhoneNumberTest([2, 4, 6, 0, 3, ...],&quot;(246) 030-7673&quot;)" fullname="Open_Lab_04._04.Tests.FormatPhoneNumberTest([2, 4, 6, 0, 3, ...],&quot;(246) 030-7673&quot;)" methodname="FormatPhoneNumberTest" classname="Open_Lab_04._04.Tests" runstate="Runnable" seed="633563427" result="Passed" start-time="2021-11-05 08:03:54Z" end-time="2021-11-05 08:03:54Z" duration="0.000102" asserts="1" />
            <test-case id="1043" name="FormatPhoneNumberTest([4, 8, 5, 2, 7, ...],&quot;(485) 274-6160&quot;)" fullname="Open_Lab_04._04.Tests.FormatPhoneNumberTest([4, 8, 5, 2, 7, ...],&quot;(485) 274-6160&quot;)" methodname="FormatPhoneNumberTest" classname="Open_Lab_04._04.Tests" runstate="Runnable" seed="2205286" result="Passed" start-time="2021-11-05 08:03:54Z" end-time="2021-11-05 08:03:54Z" duration="0.000084" asserts="1" />
            <test-case id="1044" name="FormatPhoneNumberTest([3, 3, 5, 1, 2, ...],&quot;(335) 122-3574&quot;)" fullname="Open_Lab_04._04.Tests.FormatPhoneNumberTest([3, 3, 5, 1, 2, ...],&quot;(335) 122-3574&quot;)" methodname="FormatPhoneNumberTest" classname="Open_Lab_04._04.Tests" runstate="Runnable" seed="1525435302" result="Passed" start-time="2021-11-05 08:03:54Z" end-time="2021-11-05 08:03:54Z" duration="0.000069" asserts="1" />
            <test-case id="1045" name="FormatPhoneNumberTest([1, 9, 1, 0, 3, ...],&quot;(191) 032-7948&quot;)" fullname="Open_Lab_04._04.Tests.FormatPhoneNumberTest([1, 9, 1, 0, 3, ...],&quot;(191) 032-7948&quot;)" methodname="FormatPhoneNumberTest" classname="Open_Lab_04._04.Tests" runstate="Runnable" seed="768913262" result="Passed" start-time="2021-11-05 08:03:54Z" end-time="2021-11-05 08:03:54Z" duration="0.000074" asserts="1" />
            <test-case id="1046" name="FormatPhoneNumberTest([2, 0, 0, 0, 2, ...],&quot;(200) 028-3489&quot;)" fullname="Open_Lab_04._04.Tests.FormatPhoneNumberTest([2, 0, 0, 0, 2, ...],&quot;(200) 028-3489&quot;)" methodname="FormatPhoneNumberTest" classname="Open_Lab_04._04.Tests" runstate="Runnable" seed="1776621631" result="Passed" start-time="2021-11-05 08:03:54Z" end-time="2021-11-05 08:03:54Z" duration="0.000079" asserts="1" />
            <test-case id="1047" name="FormatPhoneNumberTest([0, 6, 3, 3, 0, ...],&quot;(063) 308-9480&quot;)" fullname="Open_Lab_04._04.Tests.FormatPhoneNumberTest([0, 6, 3, 3, 0, ...],&quot;(063) 308-9480&quot;)" methodname="FormatPhoneNumberTest" classname="Open_Lab_04._04.Tests" runstate="Runnable" seed="1975498250" result="Passed" start-time="2021-11-05 08:03:54Z" end-time="2021-11-05 08:03:54Z" duration="0.000065" asserts="1" />
            <test-case id="1048" name="FormatPhoneNumberTest([6, 1, 8, 3, 2, ...],&quot;(618) 325-7585&quot;)" fullname="Open_Lab_04._04.Tests.FormatPhoneNumberTest([6, 1, 8, 3, 2, ...],&quot;(618) 325-7585&quot;)" methodname="FormatPhoneNumberTest" classname="Open_Lab_04._04.Tests" runstate="Runnable" seed="1333442350" result="Passed" start-time="2021-11-05 08:03:54Z" end-time="2021-11-05 08:03:54Z" duration="0.000068" asserts="1" />
            <test-case id="1049" name="FormatPhoneNumberTest([7, 6, 6, 8, 8, ...],&quot;(766) 882-2484&quot;)" fullname="Open_Lab_04._04.Tests.FormatPhoneNumberTest([7, 6, 6, 8, 8, ...],&quot;(766) 882-2484&quot;)" methodname="FormatPhoneNumberTest" classname="Open_Lab_04._04.Tests" runstate="Runnable" seed="1097587186" result="Passed" start-time="2021-11-05 08:03:54Z" end-time="2021-11-05 08:03:54Z" duration="0.000078" asserts="1" />
            <test-case id="1050" name="FormatPhoneNumberTest([8, 8, 7, 8, 3, ...],&quot;(887) 835-5794&quot;)" fullname="Open_Lab_04._04.Tests.FormatPhoneNumberTest([8, 8, 7, 8, 3, ...],&quot;(887) 835-5794&quot;)" methodname="FormatPhoneNumberTest" classname="Open_Lab_04._04.Tests" runstate="Runnable" seed="990813100" result="Passed" start-time="2021-11-05 08:03:54Z" end-time="2021-11-05 08:03:54Z" duration="0.000066" asserts="1" />
            <test-case id="1051" name="FormatPhoneNumberTest([2, 2, 1, 3, 1, ...],&quot;(221) 310-1687&quot;)" fullname="Open_Lab_04._04.Tests.FormatPhoneNumberTest([2, 2, 1, 3, 1, ...],&quot;(221) 310-1687&quot;)" methodname="FormatPhoneNumberTest" classname="Open_Lab_04._04.Tests" runstate="Runnable" seed="1367405333" result="Passed" start-time="2021-11-05 08:03:54Z" end-time="2021-11-05 08:03:54Z" duration="0.000069" asserts="1" />
            <test-case id="1052" name="FormatPhoneNumberTest([1, 8, 5, 2, 1, ...],&quot;(185) 213-9558&quot;)" fullname="Open_Lab_04._04.Tests.FormatPhoneNumberTest([1, 8, 5, 2, 1, ...],&quot;(185) 213-9558&quot;)" methodname="FormatPhoneNumberTest" classname="Open_Lab_04._04.Tests" runstate="Runnable" seed="1590137685" result="Passed" start-time="2021-11-05 08:03:54Z" end-time="2021-11-05 08:03:54Z" duration="0.000078" asserts="1" />
            <test-case id="1053" name="FormatPhoneNumberTest([6, 4, 6, 4, 2, ...],&quot;(646) 428-4007&quot;)" fullname="Open_Lab_04._04.Tests.FormatPhoneNumberTest([6, 4, 6, 4, 2, ...],&quot;(646) 428-4007&quot;)" methodname="FormatPhoneNumberTest" classname="Open_Lab_04._04.Tests" runstate="Runnable" seed="1803733951" result="Passed" start-time="2021-11-05 08:03:54Z" end-time="2021-11-05 08:03:54Z" duration="0.000088" asserts="1" />
            <test-case id="1054" name="FormatPhoneNumberTest([9, 0, 6, 4, 2, ...],&quot;(906) 424-5377&quot;)" fullname="Open_Lab_04._04.Tests.FormatPhoneNumberTest([9, 0, 6, 4, 2, ...],&quot;(906) 424-5377&quot;)" methodname="FormatPhoneNumberTest" classname="Open_Lab_04._04.Tests" runstate="Runnable" seed="622003480" result="Passed" start-time="2021-11-05 08:03:54Z" end-time="2021-11-05 08:03:54Z" duration="0.000075" asserts="1" />
            <test-case id="1055" name="FormatPhoneNumberTest([1, 6, 6, 1, 2, ...],&quot;(166) 120-2469&quot;)" fullname="Open_Lab_04._04.Tests.FormatPhoneNumberTest([1, 6, 6, 1, 2, ...],&quot;(166) 120-2469&quot;)" methodname="FormatPhoneNumberTest" classname="Open_Lab_04._04.Tests" runstate="Runnable" seed="1301851672" result="Passed" start-time="2021-11-05 08:03:54Z" end-time="2021-11-05 08:03:54Z" duration="0.000082" asserts="1" />
            <test-case id="1056" name="FormatPhoneNumberTest([5, 0, 1, 0, 8, ...],&quot;(501) 088-6613&quot;)" fullname="Open_Lab_04._04.Tests.FormatPhoneNumberTest([5, 0, 1, 0, 8, ...],&quot;(501) 088-6613&quot;)" methodname="FormatPhoneNumberTest" classname="Open_Lab_04._04.Tests" runstate="Runnable" seed="1502321063" result="Passed" start-time="2021-11-05 08:03:54Z" end-time="2021-11-05 08:03:54Z" duration="0.000079" asserts="1" />
            <test-case id="1057" name="FormatPhoneNumberTest([6, 0, 5, 0, 7, ...],&quot;(605) 070-2107&quot;)" fullname="Open_Lab_04._04.Tests.FormatPhoneNumberTest([6, 0, 5, 0, 7, ...],&quot;(605) 070-2107&quot;)" methodname="FormatPhoneNumberTest" classname="Open_Lab_04._04.Tests" runstate="Runnable" seed="965142106" result="Passed" start-time="2021-11-05 08:03:54Z" end-time="2021-11-05 08:03:54Z" duration="0.000067" asserts="1" />
            <test-case id="1058" name="FormatPhoneNumberTest([8, 5, 8, 8, 6, ...],&quot;(858) 869-8412&quot;)" fullname="Open_Lab_04._04.Tests.FormatPhoneNumberTest([8, 5, 8, 8, 6, ...],&quot;(858) 869-8412&quot;)" methodname="FormatPhoneNumberTest" classname="Open_Lab_04._04.Tests" runstate="Runnable" seed="515218786" result="Passed" start-time="2021-11-05 08:03:54Z" end-time="2021-11-05 08:03:54Z" duration="0.000119" asserts="1" />
            <test-case id="1059" name="FormatPhoneNumberTest([5, 9, 4, 1, 1, ...],&quot;(594) 119-8554&quot;)" fullname="Open_Lab_04._04.Tests.FormatPhoneNumberTest([5, 9, 4, 1, 1, ...],&quot;(594) 119-8554&quot;)" methodname="FormatPhoneNumberTest" classname="Open_Lab_04._04.Tests" runstate="Runnable" seed="1163048567" result="Passed" start-time="2021-11-05 08:03:54Z" end-time="2021-11-05 08:03:54Z" duration="0.000077" asserts="1" />
            <test-case id="1060" name="FormatPhoneNumberTest([8, 8, 2, 4, 0, ...],&quot;(882) 400-0531&quot;)" fullname="Open_Lab_04._04.Tests.FormatPhoneNumberTest([8, 8, 2, 4, 0, ...],&quot;(882) 400-0531&quot;)" methodname="FormatPhoneNumberTest" classname="Open_Lab_04._04.Tests" runstate="Runnable" seed="1993315119" result="Passed" start-time="2021-11-05 08:03:54Z" end-time="2021-11-05 08:03:54Z" duration="0.000071" asserts="1" />
            <test-case id="1061" name="FormatPhoneNumberTest([8, 0, 4, 9, 1, ...],&quot;(804) 919-1239&quot;)" fullname="Open_Lab_04._04.Tests.FormatPhoneNumberTest([8, 0, 4, 9, 1, ...],&quot;(804) 919-1239&quot;)" methodname="FormatPhoneNumberTest" classname="Open_Lab_04._04.Tests" runstate="Runnable" seed="291461707" result="Passed" start-time="2021-11-05 08:03:54Z" end-time="2021-11-05 08:03:54Z" duration="0.000080" asserts="1" />
            <test-case id="1062" name="FormatPhoneNumberTest([0, 1, 5, 9, 7, ...],&quot;(015) 976-6488&quot;)" fullname="Open_Lab_04._04.Tests.FormatPhoneNumberTest([0, 1, 5, 9, 7, ...],&quot;(015) 976-6488&quot;)" methodname="FormatPhoneNumberTest" classname="Open_Lab_04._04.Tests" runstate="Runnable" seed="1998210958" result="Passed" start-time="2021-11-05 08:03:54Z" end-time="2021-11-05 08:03:54Z" duration="0.000077" asserts="1" />
            <test-case id="1063" name="FormatPhoneNumberTest([2, 6, 6, 6, 8, ...],&quot;(266) 689-3476&quot;)" fullname="Open_Lab_04._04.Tests.FormatPhoneNumberTest([2, 6, 6, 6, 8, ...],&quot;(266) 689-3476&quot;)" methodname="FormatPhoneNumberTest" classname="Open_Lab_04._04.Tests" runstate="Runnable" seed="987828604" result="Passed" start-time="2021-11-05 08:03:54Z" end-time="2021-11-05 08:03:54Z" duration="0.000065" asserts="1" />
            <test-case id="1064" name="FormatPhoneNumberTest([8, 2, 0, 9, 4, ...],&quot;(820) 944-5491&quot;)" fullname="Open_Lab_04._04.Tests.FormatPhoneNumberTest([8, 2, 0, 9, 4, ...],&quot;(820) 944-5491&quot;)" methodname="FormatPhoneNumberTest" classname="Open_Lab_04._04.Tests" runstate="Runnable" seed="1232802173" result="Passed" start-time="2021-11-05 08:03:54Z" end-time="2021-11-05 08:03:54Z" duration="0.000080" asserts="1" />
            <test-case id="1065" name="FormatPhoneNumberTest([7, 5, 1, 6, 3, ...],&quot;(751) 636-3363&quot;)" fullname="Open_Lab_04._04.Tests.FormatPhoneNumberTest([7, 5, 1, 6, 3, ...],&quot;(751) 636-3363&quot;)" methodname="FormatPhoneNumberTest" classname="Open_Lab_04._04.Tests" runstate="Runnable" seed="1660967571" result="Passed" start-time="2021-11-05 08:03:54Z" end-time="2021-11-05 08:03:54Z" duration="0.000114" asserts="1" />
            <test-case id="1066" name="FormatPhoneNumberTest([3, 5, 6, 5, 9, ...],&quot;(356) 591-4801&quot;)" fullname="Open_Lab_04._04.Tests.FormatPhoneNumberTest([3, 5, 6, 5, 9, ...],&quot;(356) 591-4801&quot;)" methodname="FormatPhoneNumberTest" classname="Open_Lab_04._04.Tests" runstate="Runnable" seed="2024524767" result="Passed" start-time="2021-11-05 08:03:54Z" end-time="2021-11-05 08:03:54Z" duration="0.000107" asserts="1" />
            <test-case id="1067" name="FormatPhoneNumberTest([6, 7, 4, 7, 0, ...],&quot;(674) 708-0652&quot;)" fullname="Open_Lab_04._04.Tests.FormatPhoneNumberTest([6, 7, 4, 7, 0, ...],&quot;(674) 708-0652&quot;)" methodname="FormatPhoneNumberTest" classname="Open_Lab_04._04.Tests" runstate="Runnable" seed="1388812047" result="Passed" start-time="2021-11-05 08:03:54Z" end-time="2021-11-05 08:03:54Z" duration="0.000141" asserts="1" />
            <test-case id="1068" name="FormatPhoneNumberTest([1, 2, 4, 6, 0, ...],&quot;(124) 606-5022&quot;)" fullname="Open_Lab_04._04.Tests.FormatPhoneNumberTest([1, 2, 4, 6, 0, ...],&quot;(124) 606-5022&quot;)" methodname="FormatPhoneNumberTest" classname="Open_Lab_04._04.Tests" runstate="Runnable" seed="1631648871" result="Passed" start-time="2021-11-05 08:03:54Z" end-time="2021-11-05 08:03:54Z" duration="0.000058" asserts="1" />
            <test-case id="1069" name="FormatPhoneNumberTest([6, 0, 7, 4, 3, ...],&quot;(607) 433-5492&quot;)" fullname="Open_Lab_04._04.Tests.FormatPhoneNumberTest([6, 0, 7, 4, 3, ...],&quot;(607) 433-5492&quot;)" methodname="FormatPhoneNumberTest" classname="Open_Lab_04._04.Tests" runstate="Runnable" seed="1378249398" result="Passed" start-time="2021-11-05 08:03:54Z" end-time="2021-11-05 08:03:54Z" duration="0.000048" asserts="1" />
            <test-case id="1070" name="FormatPhoneNumberTest([0, 6, 4, 8, 5, ...],&quot;(064) 859-1455&quot;)" fullname="Open_Lab_04._04.Tests.FormatPhoneNumberTest([0, 6, 4, 8, 5, ...],&quot;(064) 859-1455&quot;)" methodname="FormatPhoneNumberTest" classname="Open_Lab_04._04.Tests" runstate="Runnable" seed="1282685234" result="Passed" start-time="2021-11-05 08:03:54Z" end-time="2021-11-05 08:03:54Z" duration="0.000167" asserts="1" />
            <test-case id="1071" name="FormatPhoneNumberTest([5, 6, 8, 3, 2, ...],&quot;(568) 321-0953&quot;)" fullname="Open_Lab_04._04.Tests.FormatPhoneNumberTest([5, 6, 8, 3, 2, ...],&quot;(568) 321-0953&quot;)" methodname="FormatPhoneNumberTest" classname="Open_Lab_04._04.Tests" runstate="Runnable" seed="1570371350" result="Passed" start-time="2021-11-05 08:03:54Z" end-time="2021-11-05 08:03:54Z" duration="0.000075" asserts="1" />
            <test-case id="1072" name="FormatPhoneNumberTest([6, 3, 5, 8, 5, ...],&quot;(635) 855-0047&quot;)" fullname="Open_Lab_04._04.Tests.FormatPhoneNumberTest([6, 3, 5, 8, 5, ...],&quot;(635) 855-0047&quot;)" methodname="FormatPhoneNumberTest" classname="Open_Lab_04._04.Tests" runstate="Runnable" seed="1184324094" result="Passed" start-time="2021-11-05 08:03:54Z" end-time="2021-11-05 08:03:54Z" duration="0.000060" asserts="1" />
            <test-case id="1073" name="FormatPhoneNumberTest([2, 5, 6, 2, 2, ...],&quot;(256) 224-7610&quot;)" fullname="Open_Lab_04._04.Tests.FormatPhoneNumberTest([2, 5, 6, 2, 2, ...],&quot;(256) 224-7610&quot;)" methodname="FormatPhoneNumberTest" classname="Open_Lab_04._04.Tests" runstate="Runnable" seed="1215211774" result="Passed" start-time="2021-11-05 08:03:54Z" end-time="2021-11-05 08:03:54Z" duration="0.000066" asserts="1" />
            <test-case id="1074" name="FormatPhoneNumberTest([5, 0, 4, 6, 6, ...],&quot;(504) 669-2321&quot;)" fullname="Open_Lab_04._04.Tests.FormatPhoneNumberTest([5, 0, 4, 6, 6, ...],&quot;(504) 669-2321&quot;)" methodname="FormatPhoneNumberTest" classname="Open_Lab_04._04.Tests" runstate="Runnable" seed="1734003311" result="Passed" start-time="2021-11-05 08:03:54Z" end-time="2021-11-05 08:03:54Z" duration="0.000064" asserts="1" />
            <test-case id="1075" name="FormatPhoneNumberTest([2, 5, 9, 6, 6, ...],&quot;(259) 666-1539&quot;)" fullname="Open_Lab_04._04.Tests.FormatPhoneNumberTest([2, 5, 9, 6, 6, ...],&quot;(259) 666-1539&quot;)" methodname="FormatPhoneNumberTest" classname="Open_Lab_04._04.Tests" runstate="Runnable" seed="1451774600" result="Passed" start-time="2021-11-05 08:03:54Z" end-time="2021-11-05 08:03:54Z" duration="0.000056" asserts="1" />
            <test-case id="1076" name="FormatPhoneNumberTest([9, 0, 0, 8, 2, ...],&quot;(900) 829-0517&quot;)" fullname="Open_Lab_04._04.Tests.FormatPhoneNumberTest([9, 0, 0, 8, 2, ...],&quot;(900) 829-0517&quot;)" methodname="FormatPhoneNumberTest" classname="Open_Lab_04._04.Tests" runstate="Runnable" seed="1846791883" result="Passed" start-time="2021-11-05 08:03:54Z" end-time="2021-11-05 08:03:54Z" duration="0.000087" asserts="1" />
            <test-case id="1077" name="FormatPhoneNumberTest([3, 4, 8, 4, 8, ...],&quot;(348) 485-9925&quot;)" fullname="Open_Lab_04._04.Tests.FormatPhoneNumberTest([3, 4, 8, 4, 8, ...],&quot;(348) 485-9925&quot;)" methodname="FormatPhoneNumberTest" classname="Open_Lab_04._04.Tests" runstate="Runnable" seed="796887056" result="Passed" start-time="2021-11-05 08:03:54Z" end-time="2021-11-05 08:03:54Z" duration="0.000084" asserts="1" />
            <test-case id="1078" name="FormatPhoneNumberTest([3, 6, 8, 2, 4, ...],&quot;(368) 247-6055&quot;)" fullname="Open_Lab_04._04.Tests.FormatPhoneNumberTest([3, 6, 8, 2, 4, ...],&quot;(368) 247-6055&quot;)" methodname="FormatPhoneNumberTest" classname="Open_Lab_04._04.Tests" runstate="Runnable" seed="964563482" result="Passed" start-time="2021-11-05 08:03:54Z" end-time="2021-11-05 08:03:54Z" duration="0.000063" asserts="1" />
            <test-case id="1079" name="FormatPhoneNumberTest([3, 1, 3, 1, 1, ...],&quot;(313) 114-0546&quot;)" fullname="Open_Lab_04._04.Tests.FormatPhoneNumberTest([3, 1, 3, 1, 1, ...],&quot;(313) 114-0546&quot;)" methodname="FormatPhoneNumberTest" classname="Open_Lab_04._04.Tests" runstate="Runnable" seed="934677794" result="Passed" start-time="2021-11-05 08:03:54Z" end-time="2021-11-05 08:03:54Z" duration="0.000073" asserts="1" />
            <test-case id="1080" name="FormatPhoneNumberTest([9, 6, 1, 4, 7, ...],&quot;(961) 478-6571&quot;)" fullname="Open_Lab_04._04.Tests.FormatPhoneNumberTest([9, 6, 1, 4, 7, ...],&quot;(961) 478-6571&quot;)" methodname="FormatPhoneNumberTest" classname="Open_Lab_04._04.Tests" runstate="Runnable" seed="1099754791" result="Passed" start-time="2021-11-05 08:03:54Z" end-time="2021-11-05 08:03:54Z" duration="0.000065" asserts="1" />
            <test-case id="1081" name="FormatPhoneNumberTest([7, 1, 3, 7, 6, ...],&quot;(713) 763-2735&quot;)" fullname="Open_Lab_04._04.Tests.FormatPhoneNumberTest([7, 1, 3, 7, 6, ...],&quot;(713) 763-2735&quot;)" methodname="FormatPhoneNumberTest" classname="Open_Lab_04._04.Tests" runstate="Runnable" seed="1000548847" result="Passed" start-time="2021-11-05 08:03:54Z" end-time="2021-11-05 08:03:54Z" duration="0.000060" asserts="1" />
            <test-case id="1082" name="FormatPhoneNumberTest([3, 9, 9, 6, 3, ...],&quot;(399) 631-0733&quot;)" fullname="Open_Lab_04._04.Tests.FormatPhoneNumberTest([3, 9, 9, 6, 3, ...],&quot;(399) 631-0733&quot;)" methodname="FormatPhoneNumberTest" classname="Open_Lab_04._04.Tests" runstate="Runnable" seed="1827469259" result="Passed" start-time="2021-11-05 08:03:54Z" end-time="2021-11-05 08:03:54Z" duration="0.000076" asserts="1" />
            <test-case id="1083" name="FormatPhoneNumberTest([4, 3, 4, 5, 6, ...],&quot;(434) 567-4346&quot;)" fullname="Open_Lab_04._04.Tests.FormatPhoneNumberTest([4, 3, 4, 5, 6, ...],&quot;(434) 567-4346&quot;)" methodname="FormatPhoneNumberTest" classname="Open_Lab_04._04.Tests" runstate="Runnable" seed="1014456501" result="Passed" start-time="2021-11-05 08:03:54Z" end-time="2021-11-05 08:03:54Z" duration="0.000119" asserts="1" />
            <test-case id="1084" name="FormatPhoneNumberTest([0, 0, 2, 4, 8, ...],&quot;(002) 481-8558&quot;)" fullname="Open_Lab_04._04.Tests.FormatPhoneNumberTest([0, 0, 2, 4, 8, ...],&quot;(002) 481-8558&quot;)" methodname="FormatPhoneNumberTest" classname="Open_Lab_04._04.Tests" runstate="Runnable" seed="539226866" result="Passed" start-time="2021-11-05 08:03:54Z" end-time="2021-11-05 08:03:54Z" duration="0.000083" asserts="1" />
            <test-case id="1085" name="FormatPhoneNumberTest([2, 2, 2, 9, 2, ...],&quot;(222) 929-6516&quot;)" fullname="Open_Lab_04._04.Tests.FormatPhoneNumberTest([2, 2, 2, 9, 2, ...],&quot;(222) 929-6516&quot;)" methodname="FormatPhoneNumberTest" classname="Open_Lab_04._04.Tests" runstate="Runnable" seed="835743688" result="Passed" start-time="2021-11-05 08:03:54Z" end-time="2021-11-05 08:03:54Z" duration="0.000051" asserts="1" />
            <test-case id="1086" name="FormatPhoneNumberTest([7, 9, 2, 4, 6, ...],&quot;(792) 464-7719&quot;)" fullname="Open_Lab_04._04.Tests.FormatPhoneNumberTest([7, 9, 2, 4, 6, ...],&quot;(792) 464-7719&quot;)" methodname="FormatPhoneNumberTest" classname="Open_Lab_04._04.Tests" runstate="Runnable" seed="1526797398" result="Passed" start-time="2021-11-05 08:03:54Z" end-time="2021-11-05 08:03:54Z" duration="0.000055" asserts="1" />
            <test-case id="1087" name="FormatPhoneNumberTest([8, 8, 2, 7, 4, ...],&quot;(882) 743-6581&quot;)" fullname="Open_Lab_04._04.Tests.FormatPhoneNumberTest([8, 8, 2, 7, 4, ...],&quot;(882) 743-6581&quot;)" methodname="FormatPhoneNumberTest" classname="Open_Lab_04._04.Tests" runstate="Runnable" seed="1061759491" result="Passed" start-time="2021-11-05 08:03:54Z" end-time="2021-11-05 08:03:54Z" duration="0.000089" asserts="1" />
            <test-case id="1088" name="FormatPhoneNumberTest([3, 5, 2, 4, 1, ...],&quot;(352) 412-1536&quot;)" fullname="Open_Lab_04._04.Tests.FormatPhoneNumberTest([3, 5, 2, 4, 1, ...],&quot;(352) 412-1536&quot;)" methodname="FormatPhoneNumberTest" classname="Open_Lab_04._04.Tests" runstate="Runnable" seed="816171616" result="Passed" start-time="2021-11-05 08:03:54Z" end-time="2021-11-05 08:03:54Z" duration="0.000047" asserts="1" />
            <test-case id="1089" name="FormatPhoneNumberTest([0, 8, 2, 8, 9, ...],&quot;(082) 891-8883&quot;)" fullname="Open_Lab_04._04.Tests.FormatPhoneNumberTest([0, 8, 2, 8, 9, ...],&quot;(082) 891-8883&quot;)" methodname="FormatPhoneNumberTest" classname="Open_Lab_04._04.Tests" runstate="Runnable" seed="443059948" result="Passed" start-time="2021-11-05 08:03:54Z" end-time="2021-11-05 08:03:54Z" duration="0.000065" asserts="1" />
            <test-case id="1090" name="FormatPhoneNumberTest([4, 0, 4, 6, 9, ...],&quot;(404) 693-9449&quot;)" fullname="Open_Lab_04._04.Tests.FormatPhoneNumberTest([4, 0, 4, 6, 9, ...],&quot;(404) 693-9449&quot;)" methodname="FormatPhoneNumberTest" classname="Open_Lab_04._04.Tests" runstate="Runnable" seed="40096703" result="Passed" start-time="2021-11-05 08:03:54Z" end-time="2021-11-05 08:03:54Z" duration="0.000048" asserts="1" />
            <test-case id="1091" name="FormatPhoneNumberTest([3, 1, 7, 9, 3, ...],&quot;(317) 932-7734&quot;)" fullname="Open_Lab_04._04.Tests.FormatPhoneNumberTest([3, 1, 7, 9, 3, ...],&quot;(317) 932-7734&quot;)" methodname="FormatPhoneNumberTest" classname="Open_Lab_04._04.Tests" runstate="Runnable" seed="323012849" result="Passed" start-time="2021-11-05 08:03:54Z" end-time="2021-11-05 08:03:54Z" duration="0.000048" asserts="1" />
            <test-case id="1092" name="FormatPhoneNumberTest([2, 1, 4, 5, 8, ...],&quot;(214) 589-6472&quot;)" fullname="Open_Lab_04._04.Tests.FormatPhoneNumberTest([2, 1, 4, 5, 8, ...],&quot;(214) 589-6472&quot;)" methodname="FormatPhoneNumberTest" classname="Open_Lab_04._04.Tests" runstate="Runnable" seed="365409922" result="Passed" start-time="2021-11-05 08:03:54Z" end-time="2021-11-05 08:03:54Z" duration="0.000055" asserts="1" />
            <test-case id="1093" name="FormatPhoneNumberTest([4, 7, 6, 4, 6, ...],&quot;(476) 462-0657&quot;)" fullname="Open_Lab_04._04.Tests.FormatPhoneNumberTest([4, 7, 6, 4, 6, ...],&quot;(476) 462-0657&quot;)" methodname="FormatPhoneNumberTest" classname="Open_Lab_04._04.Tests" runstate="Runnable" seed="341610780" result="Passed" start-time="2021-11-05 08:03:54Z" end-time="2021-11-05 08:03:54Z" duration="0.000055" asserts="1" />
            <test-case id="1094" name="FormatPhoneNumberTest([2, 6, 1, 3, 3, ...],&quot;(261) 339-1257&quot;)" fullname="Open_Lab_04._04.Tests.FormatPhoneNumberTest([2, 6, 1, 3, 3, ...],&quot;(261) 339-1257&quot;)" methodname="FormatPhoneNumberTest" classname="Open_Lab_04._04.Tests" runstate="Runnable" seed="1190504139" result="Passed" start-time="2021-11-05 08:03:54Z" end-time="2021-11-05 08:03:54Z" duration="0.000048" asserts="1" />
            <test-case id="1095" name="FormatPhoneNumberTest([4, 0, 5, 4, 0, ...],&quot;(405) 403-6970&quot;)" fullname="Open_Lab_04._04.Tests.FormatPhoneNumberTest([4, 0, 5, 4, 0, ...],&quot;(405) 403-6970&quot;)" methodname="FormatPhoneNumberTest" classname="Open_Lab_04._04.Tests" runstate="Runnable" seed="2012391555" result="Passed" start-time="2021-11-05 08:03:54Z" end-time="2021-11-05 08:03:54Z" duration="0.000058" asserts="1" />
            <test-case id="1096" name="FormatPhoneNumberTest([7, 5, 7, 1, 4, ...],&quot;(757) 145-4320&quot;)" fullname="Open_Lab_04._04.Tests.FormatPhoneNumberTest([7, 5, 7, 1, 4, ...],&quot;(757) 145-4320&quot;)" methodname="FormatPhoneNumberTest" classname="Open_Lab_04._04.Tests" runstate="Runnable" seed="1418545160" result="Passed" start-time="2021-11-05 08:03:54Z" end-time="2021-11-05 08:03:54Z" duration="0.000055" asserts="1" />
            <test-case id="1097" name="FormatPhoneNumberTest([1, 1, 2, 5, 2, ...],&quot;(112) 526-0018&quot;)" fullname="Open_Lab_04._04.Tests.FormatPhoneNumberTest([1, 1, 2, 5, 2, ...],&quot;(112) 526-0018&quot;)" methodname="FormatPhoneNumberTest" classname="Open_Lab_04._04.Tests" runstate="Runnable" seed="1793218470" result="Passed" start-time="2021-11-05 08:03:54Z" end-time="2021-11-05 08:03:54Z" duration="0.000048" asserts="1" />
            <test-case id="1098" name="FormatPhoneNumberTest([8, 4, 9, 0, 8, ...],&quot;(849) 084-2233&quot;)" fullname="Open_Lab_04._04.Tests.FormatPhoneNumberTest([8, 4, 9, 0, 8, ...],&quot;(849) 084-2233&quot;)" methodname="FormatPhoneNumberTest" classname="Open_Lab_04._04.Tests" runstate="Runnable" seed="916886760" result="Passed" start-time="2021-11-05 08:03:54Z" end-time="2021-11-05 08:03:54Z" duration="0.000050" asserts="1" />
            <test-case id="1099" name="FormatPhoneNumberTest([5, 1, 8, 4, 9, ...],&quot;(518) 496-9997&quot;)" fullname="Open_Lab_04._04.Tests.FormatPhoneNumberTest([5, 1, 8, 4, 9, ...],&quot;(518) 496-9997&quot;)" methodname="FormatPhoneNumberTest" classname="Open_Lab_04._04.Tests" runstate="Runnable" seed="2011951378" result="Passed" start-time="2021-11-05 08:03:54Z" end-time="2021-11-05 08:03:54Z" duration="0.000099" asserts="1" />
            <test-case id="1100" name="FormatPhoneNumberTest([5, 8, 9, 4, 5, ...],&quot;(589) 453-8914&quot;)" fullname="Open_Lab_04._04.Tests.FormatPhoneNumberTest([5, 8, 9, 4, 5, ...],&quot;(589) 453-8914&quot;)" methodname="FormatPhoneNumberTest" classname="Open_Lab_04._04.Tests" runstate="Runnable" seed="891872142" result="Passed" start-time="2021-11-05 08:03:54Z" end-time="2021-11-05 08:03:54Z" duration="0.000059" asserts="1" />
          </test-suite>
        </test-suite>
      </test-suite>
    </test-suite>
  </test-suite>
</test-run>